<?xml version="1.0" encoding="UTF-8"?>
<!-- Generated by org.testng.reporters.JUnitReportReporter -->
<testsuite skipped="0" hostname="ip-172-31-88-49" name="restAPIBDD.PostRequest" tests="1" failures="0" timestamp="03 Dec 2021 04:01:56 GMT" time="1.417" errors="0">
  <testcase name="PostCall" time="1.417" classname="restAPIBDD.PostRequest"/>
</testsuite> <!-- restAPIBDD.PostRequest -->
