<?xml version="1.0" encoding="UTF-8"?>
<!-- Generated by org.testng.reporters.JUnitReportReporter -->
<testsuite skipped="0" hostname="ip-172-31-88-49" name="restAPI.GetRequest" tests="1" failures="0" timestamp="30 Nov 2021 07:19:16 GMT" time="1.717" errors="0">
  <testcase name="GetCall" time="1.717" classname="restAPI.GetRequest"/>
</testsuite> <!-- restAPI.GetRequest -->
