<?xml version="1.0" encoding="UTF-8"?>
<!-- Generated by org.testng.reporters.JUnitReportReporter -->
<testsuite skipped="0" hostname="ip-172-31-88-49" name="restAPIChaninig.EndToEndTest" tests="1" failures="0" timestamp="02 Dec 2021 06:58:46 GMT" time="1.799" errors="0">
  <testcase name="test1" time="1.799" classname="restAPIChaninig.EndToEndTest"/>
</testsuite> <!-- restAPIChaninig.EndToEndTest -->
