<?xml version="1.0" encoding="UTF-8"?>
<!-- Generated by org.testng.reporters.JUnitReportReporter -->
<testsuite skipped="0" hostname="ip-172-31-88-49" name="restAPI.PutRequestWithMap" tests="1" failures="0" timestamp="02 Dec 2021 06:33:22 GMT" time="1.287" errors="0">
  <testcase name="PutCall" time="1.287" classname="restAPI.PutRequestWithMap"/>
</testsuite> <!-- restAPI.PutRequestWithMap -->
